2021-06-15 14:53:14 INFO     训练集大小：60039
2021-06-15 14:53:14 INFO     验证集大小：25731
2021-06-15 14:53:14 INFO     测试集大小：9530
2021-06-15 14:53:40 INFO     epoch：2 迭代步数：1000, 损失 1.691016
2021-06-15 14:53:40 INFO     在验证集上验证：
2021-06-15 14:53:41 INFO     accuracy:0.850453
2021-06-15 14:53:41 INFO     sensitivity:0.068748
2021-06-15 14:53:58 INFO     epoch：4 迭代步数：2000, 损失 0.057524
2021-06-15 14:53:58 INFO     在验证集上验证：
2021-06-15 14:53:59 INFO     accuracy:0.975982
2021-06-15 14:53:59 INFO     sensitivity:0.864682
2021-06-15 14:53:59 INFO     在测试集上测试：
2021-06-15 14:53:59 INFO     accuracy:0.975236
2021-06-15 14:53:59 INFO     sensitivity:0.894771
2021-06-15 14:53:59 INFO     迭代次数：2000, 保存模型
2021-06-15 14:54:16 INFO     epoch：6 迭代步数：3000, 损失 0.227433
2021-06-15 14:54:16 INFO     在验证集上验证：
2021-06-15 14:54:17 INFO     accuracy:0.983872
2021-06-15 14:54:17 INFO     sensitivity:0.918180
2021-06-15 14:54:17 INFO     在测试集上测试：
2021-06-15 14:54:18 INFO     accuracy:0.975656
2021-06-15 14:54:18 INFO     sensitivity:0.918954
2021-06-15 14:54:18 INFO     迭代次数：3000, 保存模型
2021-06-15 14:54:38 INFO     epoch：8 迭代步数：4000, 损失 0.020517
2021-06-15 14:54:38 INFO     在验证集上验证：
2021-06-15 14:54:39 INFO     accuracy:0.975943
2021-06-15 14:54:39 INFO     sensitivity:0.863713
2021-06-15 14:54:55 INFO     epoch：10 迭代步数：5000, 损失 0.031886
2021-06-15 14:54:55 INFO     在验证集上验证：
2021-06-15 14:54:56 INFO     accuracy:0.982745
2021-06-15 14:54:56 INFO     sensitivity:0.909707
2021-06-15 14:55:12 INFO     epoch：12 迭代步数：6000, 损失 0.054868
2021-06-15 14:55:12 INFO     在验证集上验证：
2021-06-15 14:55:14 INFO     accuracy:0.976099
2021-06-15 14:55:14 INFO     sensitivity:0.864440
2021-06-15 14:55:29 INFO     epoch：14 迭代步数：7000, 损失 0.036847
2021-06-15 14:55:29 INFO     在验证集上验证：
2021-06-15 14:55:30 INFO     accuracy:0.981307
2021-06-15 14:55:30 INFO     sensitivity:0.899298
